Training IL on device: cuda
[*] Loading cached IL dataset from f:/LINKS4Meta/LINKS-main/il_expert_paths_80k.pt
[*] Total expert paths: 80000
[*] Using fixed split from artifacts/il_split_indices.pt | train=64000 val=8000 test=8000 seed=42

[*] Pre-batching data to GPU (one-time cost) ...
  Pre-batching 64000 samples to cuda (batch_size=4096) ...
  Pre-batching done: 16 batches cached on cuda
  Pre-batching 8000 samples to cuda (batch_size=4096) ...
  Pre-batching done: 2 batches cached on cuda
  Pre-batching 8000 samples to cuda (batch_size=4096) ...
  Pre-batching done: 2 batches cached on cuda
[*] Model params: 1.02M | Batch size: 4096 | Train batches/epoch: 16

[*] Starting IL pre-training for 100 epochs ...
Epoch [  1/100]  Train Opt: 7.414752  Train Prior: 4.500084  Val Prior: 3.131410  Train Topo: 0.593064  Val Topo: 0.566962  Train GeoPrior: 3.907020  Val GeoPrior: 2.564449
  [OK] Best model saved (val_prior=3.131410)
Epoch [  2/100]  Train Opt: 4.131761  Train Prior: 2.593061  Val Prior: 2.090902  Train Topo: 0.507387  Val Topo: 0.452701  Train GeoPrior: 2.085674  Val GeoPrior: 1.638202
  [OK] Best model saved (val_prior=2.090902)
Epoch [  3/100]  Train Opt: 3.013510  Train Prior: 1.943179  Val Prior: 1.742136  Train Topo: 0.444611  Val Topo: 0.403977  Train GeoPrior: 1.498568  Val GeoPrior: 1.338159
  [OK] Best model saved (val_prior=1.742136)
Epoch [  4/100]  Train Opt: 2.507681  Train Prior: 1.692090  Val Prior: 1.617034  Train Topo: 0.398287  Val Topo: 0.370727  Train GeoPrior: 1.293803  Val GeoPrior: 1.246306
  [OK] Best model saved (val_prior=1.617034)
Epoch [  5/100]  Train Opt: 2.118358  Train Prior: 1.558513  Val Prior: 1.466440  Train Topo: 0.371800  Val Topo: 0.356348  Train GeoPrior: 1.186713  Val GeoPrior: 1.110092
  [OK] Best model saved (val_prior=1.466440)
Epoch [  6/100]  Train Opt: 1.831057  Train Prior: 1.467010  Val Prior: 1.381464  Train Topo: 0.360007  Val Topo: 0.352323  Train GeoPrior: 1.107003  Val GeoPrior: 1.029141
  [OK] Best model saved (val_prior=1.381464)
Epoch [  7/100]  Train Opt: 1.642608  Train Prior: 1.395995  Val Prior: 1.340433  Train Topo: 0.354361  Val Topo: 0.350434  Train GeoPrior: 1.041634  Val GeoPrior: 0.989999
  [OK] Best model saved (val_prior=1.340433)
Epoch [  8/100]  Train Opt: 1.521130  Train Prior: 1.345511  Val Prior: 1.275438  Train Topo: 0.352284  Val Topo: 0.349076  Train GeoPrior: 0.993228  Val GeoPrior: 0.926362
  [OK] Best model saved (val_prior=1.275438)
Epoch [  9/100]  Train Opt: 1.426670  Train Prior: 1.294909  Val Prior: 1.216139  Train Topo: 0.351042  Val Topo: 0.349586  Train GeoPrior: 0.943867  Val GeoPrior: 0.866554
  [OK] Best model saved (val_prior=1.216139)
Epoch [ 10/100]  Train Opt: 1.358248  Train Prior: 1.249770  Val Prior: 1.184335  Train Topo: 0.351516  Val Topo: 0.348204  Train GeoPrior: 0.898254  Val GeoPrior: 0.836131
  [OK] Best model saved (val_prior=1.184335)
Epoch [ 11/100]  Train Opt: 1.309579  Train Prior: 1.218501  Val Prior: 1.137344  Train Topo: 0.350277  Val Topo: 0.347598  Train GeoPrior: 0.868224  Val GeoPrior: 0.789746
  [OK] Best model saved (val_prior=1.137344)
Epoch [ 12/100]  Train Opt: 1.264464  Train Prior: 1.185925  Val Prior: 1.122079  Train Topo: 0.350490  Val Topo: 0.348329  Train GeoPrior: 0.835435  Val GeoPrior: 0.773750
  [OK] Best model saved (val_prior=1.122079)
Epoch [ 13/100]  Train Opt: 1.227723  Train Prior: 1.160242  Val Prior: 1.088426  Train Topo: 0.349613  Val Topo: 0.347824  Train GeoPrior: 0.810629  Val GeoPrior: 0.740602
  [OK] Best model saved (val_prior=1.088426)
Epoch [ 14/100]  Train Opt: 1.189825  Train Prior: 1.133939  Val Prior: 1.066110  Train Topo: 0.348723  Val Topo: 0.345855  Train GeoPrior: 0.785216  Val GeoPrior: 0.720255
  [OK] Best model saved (val_prior=1.066110)
Epoch [ 15/100]  Train Opt: 1.159516  Train Prior: 1.116594  Val Prior: 1.053745  Train Topo: 0.348516  Val Topo: 0.347737  Train GeoPrior: 0.768079  Val GeoPrior: 0.706008
  [OK] Best model saved (val_prior=1.053745)
Epoch [ 16/100]  Train Opt: 1.137054  Train Prior: 1.099382  Val Prior: 1.030012  Train Topo: 0.348115  Val Topo: 0.345511  Train GeoPrior: 0.751267  Val GeoPrior: 0.684501
  [OK] Best model saved (val_prior=1.030012)
Epoch [ 17/100]  Train Opt: 1.116407  Train Prior: 1.082128  Val Prior: 1.005776  Train Topo: 0.347946  Val Topo: 0.347149  Train GeoPrior: 0.734181  Val GeoPrior: 0.658627
  [OK] Best model saved (val_prior=1.005776)
Epoch [ 18/100]  Train Opt: 1.099326  Train Prior: 1.065899  Val Prior: 1.015175  Train Topo: 0.347247  Val Topo: 0.345201  Train GeoPrior: 0.718652  Val GeoPrior: 0.669974
Epoch [ 19/100]  Train Opt: 1.088203  Train Prior: 1.056340  Val Prior: 0.975854  Train Topo: 0.347017  Val Topo: 0.345883  Train GeoPrior: 0.709323  Val GeoPrior: 0.629971
  [OK] Best model saved (val_prior=0.975854)
Epoch [ 20/100]  Train Opt: 1.075581  Train Prior: 1.044473  Val Prior: 0.964542  Train Topo: 0.346681  Val Topo: 0.345026  Train GeoPrior: 0.697793  Val GeoPrior: 0.619515
  [OK] Best model saved (val_prior=0.964542)
Epoch [ 21/100]  Train Opt: 1.058236  Train Prior: 1.025710  Val Prior: 0.945177  Train Topo: 0.346610  Val Topo: 0.344842  Train GeoPrior: 0.679100  Val GeoPrior: 0.600335
  [OK] Best model saved (val_prior=0.945177)
Epoch [ 22/100]  Train Opt: 1.050343  Train Prior: 1.018393  Val Prior: 0.943868  Train Topo: 0.346319  Val Topo: 0.346808  Train GeoPrior: 0.672075  Val GeoPrior: 0.597060
  [OK] Best model saved (val_prior=0.943868)
Epoch [ 23/100]  Train Opt: 1.037856  Train Prior: 1.005578  Val Prior: 0.927726  Train Topo: 0.346065  Val Topo: 0.345117  Train GeoPrior: 0.659512  Val GeoPrior: 0.582609
  [OK] Best model saved (val_prior=0.927726)
Epoch [ 24/100]  Train Opt: 1.029310  Train Prior: 0.996691  Val Prior: 0.917557  Train Topo: 0.346104  Val Topo: 0.344658  Train GeoPrior: 0.650587  Val GeoPrior: 0.572900
  [OK] Best model saved (val_prior=0.917557)
Epoch [ 25/100]  Train Opt: 1.020790  Train Prior: 0.987428  Val Prior: 0.907816  Train Topo: 0.346041  Val Topo: 0.344420  Train GeoPrior: 0.641387  Val GeoPrior: 0.563396
  [OK] Best model saved (val_prior=0.907816)
Epoch [ 26/100]  Train Opt: 1.008638  Train Prior: 0.975099  Val Prior: 0.899805  Train Topo: 0.345887  Val Topo: 0.344542  Train GeoPrior: 0.629212  Val GeoPrior: 0.555263
  [OK] Best model saved (val_prior=0.899805)
Epoch [ 27/100]  Train Opt: 1.002128  Train Prior: 0.967566  Val Prior: 0.889346  Train Topo: 0.345440  Val Topo: 0.344641  Train GeoPrior: 0.622125  Val GeoPrior: 0.544705
  [OK] Best model saved (val_prior=0.889346)
Epoch [ 28/100]  Train Opt: 0.992393  Train Prior: 0.957873  Val Prior: 0.887195  Train Topo: 0.345241  Val Topo: 0.344361  Train GeoPrior: 0.612632  Val GeoPrior: 0.542834
  [OK] Best model saved (val_prior=0.887195)
Epoch [ 29/100]  Train Opt: 0.985735  Train Prior: 0.950098  Val Prior: 0.884039  Train Topo: 0.345653  Val Topo: 0.345729  Train GeoPrior: 0.604445  Val GeoPrior: 0.538310
  [OK] Best model saved (val_prior=0.884039)
Epoch [ 30/100]  Train Opt: 0.974276  Train Prior: 0.938908  Val Prior: 0.864864  Train Topo: 0.345164  Val Topo: 0.344044  Train GeoPrior: 0.593744  Val GeoPrior: 0.520820
  [OK] Best model saved (val_prior=0.864864)
Epoch [ 31/100]  Train Opt: 0.967844  Train Prior: 0.932255  Val Prior: 0.858948  Train Topo: 0.344969  Val Topo: 0.344303  Train GeoPrior: 0.587286  Val GeoPrior: 0.514645
  [OK] Best model saved (val_prior=0.858948)
Epoch [ 32/100]  Train Opt: 0.959824  Train Prior: 0.924923  Val Prior: 0.857180  Train Topo: 0.344769  Val Topo: 0.344092  Train GeoPrior: 0.580154  Val GeoPrior: 0.513088
  [OK] Best model saved (val_prior=0.857180)
Epoch [ 33/100]  Train Opt: 0.952502  Train Prior: 0.917366  Val Prior: 0.847078  Train Topo: 0.345274  Val Topo: 0.344587  Train GeoPrior: 0.572092  Val GeoPrior: 0.502491
  [OK] Best model saved (val_prior=0.847078)
Epoch [ 34/100]  Train Opt: 0.944337  Train Prior: 0.909309  Val Prior: 0.832295  Train Topo: 0.344871  Val Topo: 0.344204  Train GeoPrior: 0.564438  Val GeoPrior: 0.488091
  [OK] Best model saved (val_prior=0.832295)
Epoch [ 35/100]  Train Opt: 0.936433  Train Prior: 0.901716  Val Prior: 0.831203  Train Topo: 0.344862  Val Topo: 0.344293  Train GeoPrior: 0.556854  Val GeoPrior: 0.486911
  [OK] Best model saved (val_prior=0.831203)
Epoch [ 36/100]  Train Opt: 0.931469  Train Prior: 0.897098  Val Prior: 0.819598  Train Topo: 0.344786  Val Topo: 0.344150  Train GeoPrior: 0.552312  Val GeoPrior: 0.475448
  [OK] Best model saved (val_prior=0.819598)
Epoch [ 37/100]  Train Opt: 0.921817  Train Prior: 0.887767  Val Prior: 0.810361  Train Topo: 0.344600  Val Topo: 0.343868  Train GeoPrior: 0.543167  Val GeoPrior: 0.466493
  [OK] Best model saved (val_prior=0.810361)
Epoch [ 38/100]  Train Opt: 0.916880  Train Prior: 0.882975  Val Prior: 0.812250  Train Topo: 0.344797  Val Topo: 0.343926  Train GeoPrior: 0.538177  Val GeoPrior: 0.468323
Epoch [ 39/100]  Train Opt: 0.909165  Train Prior: 0.875707  Val Prior: 0.798426  Train Topo: 0.344536  Val Topo: 0.343807  Train GeoPrior: 0.531170  Val GeoPrior: 0.454619
  [OK] Best model saved (val_prior=0.798426)
Epoch [ 40/100]  Train Opt: 0.904191  Train Prior: 0.871644  Val Prior: 0.798530  Train Topo: 0.344261  Val Topo: 0.343684  Train GeoPrior: 0.527384  Val GeoPrior: 0.454845
Epoch [ 41/100]  Train Opt: 0.896610  Train Prior: 0.864663  Val Prior: 0.797399  Train Topo: 0.344386  Val Topo: 0.344207  Train GeoPrior: 0.520277  Val GeoPrior: 0.453192
  [OK] Best model saved (val_prior=0.797399)
Epoch [ 42/100]  Train Opt: 0.890939  Train Prior: 0.858577  Val Prior: 0.785166  Train Topo: 0.344413  Val Topo: 0.343487  Train GeoPrior: 0.514164  Val GeoPrior: 0.441679
  [OK] Best model saved (val_prior=0.785166)
Epoch [ 43/100]  Train Opt: 0.884473  Train Prior: 0.853910  Val Prior: 0.781371  Train Topo: 0.344168  Val Topo: 0.343878  Train GeoPrior: 0.509742  Val GeoPrior: 0.437493
  [OK] Best model saved (val_prior=0.781371)
Epoch [ 44/100]  Train Opt: 0.878209  Train Prior: 0.847789  Val Prior: 0.774437  Train Topo: 0.344037  Val Topo: 0.343613  Train GeoPrior: 0.503751  Val GeoPrior: 0.430824
  [OK] Best model saved (val_prior=0.774437)
Epoch [ 45/100]  Train Opt: 0.870624  Train Prior: 0.840976  Val Prior: 0.764270  Train Topo: 0.344152  Val Topo: 0.343460  Train GeoPrior: 0.496824  Val GeoPrior: 0.420810
  [OK] Best model saved (val_prior=0.764270)
Epoch [ 46/100]  Train Opt: 0.865156  Train Prior: 0.836768  Val Prior: 0.766824  Train Topo: 0.344205  Val Topo: 0.343556  Train GeoPrior: 0.492564  Val GeoPrior: 0.423268
Epoch [ 47/100]  Train Opt: 0.861537  Train Prior: 0.834684  Val Prior: 0.763281  Train Topo: 0.344087  Val Topo: 0.343552  Train GeoPrior: 0.490597  Val GeoPrior: 0.419729
  [OK] Best model saved (val_prior=0.763281)
Epoch [ 48/100]  Train Opt: 0.854398  Train Prior: 0.828546  Val Prior: 0.757347  Train Topo: 0.343925  Val Topo: 0.343430  Train GeoPrior: 0.484621  Val GeoPrior: 0.413917
  [OK] Best model saved (val_prior=0.757347)
Epoch [ 49/100]  Train Opt: 0.849914  Train Prior: 0.825227  Val Prior: 0.751753  Train Topo: 0.343687  Val Topo: 0.343672  Train GeoPrior: 0.481541  Val GeoPrior: 0.408081
  [OK] Best model saved (val_prior=0.751753)
Epoch [ 50/100]  Train Opt: 0.843997  Train Prior: 0.820691  Val Prior: 0.756792  Train Topo: 0.343662  Val Topo: 0.343475  Train GeoPrior: 0.477029  Val GeoPrior: 0.413317
Epoch [ 51/100]  Train Opt: 0.839495  Train Prior: 0.817183  Val Prior: 0.748173  Train Topo: 0.343620  Val Topo: 0.343369  Train GeoPrior: 0.473563  Val GeoPrior: 0.404804
  [OK] Best model saved (val_prior=0.748173)
Epoch [ 52/100]  Train Opt: 0.832568  Train Prior: 0.811716  Val Prior: 0.738595  Train Topo: 0.343484  Val Topo: 0.343301  Train GeoPrior: 0.468233  Val GeoPrior: 0.395294
  [OK] Best model saved (val_prior=0.738595)
Epoch [ 53/100]  Train Opt: 0.828357  Train Prior: 0.809372  Val Prior: 0.736145  Train Topo: 0.343651  Val Topo: 0.343351  Train GeoPrior: 0.465721  Val GeoPrior: 0.392794
  [OK] Best model saved (val_prior=0.736145)
Epoch [ 54/100]  Train Opt: 0.826407  Train Prior: 0.808238  Val Prior: 0.735774  Train Topo: 0.343479  Val Topo: 0.343138  Train GeoPrior: 0.464759  Val GeoPrior: 0.392636
  [OK] Best model saved (val_prior=0.735774)
Epoch [ 55/100]  Train Opt: 0.819121  Train Prior: 0.802515  Val Prior: 0.731047  Train Topo: 0.343505  Val Topo: 0.343258  Train GeoPrior: 0.459010  Val GeoPrior: 0.387789
  [OK] Best model saved (val_prior=0.731047)
Epoch [ 56/100]  Train Opt: 0.816481  Train Prior: 0.802053  Val Prior: 0.732928  Train Topo: 0.343395  Val Topo: 0.343135  Train GeoPrior: 0.458657  Val GeoPrior: 0.389793
Epoch [ 57/100]  Train Opt: 0.811339  Train Prior: 0.798374  Val Prior: 0.726681  Train Topo: 0.343402  Val Topo: 0.343174  Train GeoPrior: 0.454973  Val GeoPrior: 0.383507
  [OK] Best model saved (val_prior=0.726681)
Epoch [ 58/100]  Train Opt: 0.807889  Train Prior: 0.796222  Val Prior: 0.724616  Train Topo: 0.343297  Val Topo: 0.343020  Train GeoPrior: 0.452925  Val GeoPrior: 0.381597
  [OK] Best model saved (val_prior=0.724616)
Epoch [ 59/100]  Train Opt: 0.803798  Train Prior: 0.794010  Val Prior: 0.728074  Train Topo: 0.343177  Val Topo: 0.343074  Train GeoPrior: 0.450834  Val GeoPrior: 0.385000
Epoch [ 60/100]  Train Opt: 0.799072  Train Prior: 0.789851  Val Prior: 0.719686  Train Topo: 0.343404  Val Topo: 0.343039  Train GeoPrior: 0.446447  Val GeoPrior: 0.376648
  [OK] Best model saved (val_prior=0.719686)
Epoch [ 61/100]  Train Opt: 0.795201  Train Prior: 0.787486  Val Prior: 0.713463  Train Topo: 0.343229  Val Topo: 0.343040  Train GeoPrior: 0.444258  Val GeoPrior: 0.370423
  [OK] Best model saved (val_prior=0.713463)
Epoch [ 62/100]  Train Opt: 0.792812  Train Prior: 0.786210  Val Prior: 0.714315  Train Topo: 0.343330  Val Topo: 0.342968  Train GeoPrior: 0.442880  Val GeoPrior: 0.371347
Epoch [ 63/100]  Train Opt: 0.790417  Train Prior: 0.784945  Val Prior: 0.712022  Train Topo: 0.343325  Val Topo: 0.343009  Train GeoPrior: 0.441620  Val GeoPrior: 0.369013
  [OK] Best model saved (val_prior=0.712022)
Epoch [ 64/100]  Train Opt: 0.787131  Train Prior: 0.782544  Val Prior: 0.711338  Train Topo: 0.342989  Val Topo: 0.342970  Train GeoPrior: 0.439555  Val GeoPrior: 0.368368
  [OK] Best model saved (val_prior=0.711338)
Epoch [ 65/100]  Train Opt: 0.784540  Train Prior: 0.780937  Val Prior: 0.712114  Train Topo: 0.343029  Val Topo: 0.342930  Train GeoPrior: 0.437908  Val GeoPrior: 0.369184
Epoch [ 66/100]  Train Opt: 0.781356  Train Prior: 0.778227  Val Prior: 0.707253  Train Topo: 0.342992  Val Topo: 0.342914  Train GeoPrior: 0.435235  Val GeoPrior: 0.364339
  [OK] Best model saved (val_prior=0.707253)
Epoch [ 67/100]  Train Opt: 0.776957  Train Prior: 0.774634  Val Prior: 0.706276  Train Topo: 0.342819  Val Topo: 0.343003  Train GeoPrior: 0.431815  Val GeoPrior: 0.363273
  [OK] Best model saved (val_prior=0.706276)
Epoch [ 68/100]  Train Opt: 0.776992  Train Prior: 0.775250  Val Prior: 0.705082  Train Topo: 0.343007  Val Topo: 0.342901  Train GeoPrior: 0.432242  Val GeoPrior: 0.362182
  [OK] Best model saved (val_prior=0.705082)
Epoch [ 69/100]  Train Opt: 0.774399  Train Prior: 0.773275  Val Prior: 0.705832  Train Topo: 0.342987  Val Topo: 0.342906  Train GeoPrior: 0.430288  Val GeoPrior: 0.362926
Epoch [ 70/100]  Train Opt: 0.771448  Train Prior: 0.770946  Val Prior: 0.702024  Train Topo: 0.342954  Val Topo: 0.342909  Train GeoPrior: 0.427993  Val GeoPrior: 0.359116
  [OK] Best model saved (val_prior=0.702024)
Epoch [ 71/100]  Train Opt: 0.770221  Train Prior: 0.770310  Val Prior: 0.702596  Train Topo: 0.342865  Val Topo: 0.342904  Train GeoPrior: 0.427445  Val GeoPrior: 0.359692
Epoch [ 72/100]  Train Opt: 0.768068  Train Prior: 0.768332  Val Prior: 0.701295  Train Topo: 0.342829  Val Topo: 0.342904  Train GeoPrior: 0.425503  Val GeoPrior: 0.358392
  [OK] Best model saved (val_prior=0.701295)
Epoch [ 73/100]  Train Opt: 0.767312  Train Prior: 0.768008  Val Prior: 0.698013  Train Topo: 0.342941  Val Topo: 0.342889  Train GeoPrior: 0.425066  Val GeoPrior: 0.355124
  [OK] Best model saved (val_prior=0.698013)
Epoch [ 74/100]  Train Opt: 0.765984  Train Prior: 0.767426  Val Prior: 0.698164  Train Topo: 0.342882  Val Topo: 0.342855  Train GeoPrior: 0.424544  Val GeoPrior: 0.355309
Epoch [ 75/100]  Train Opt: 0.762657  Train Prior: 0.763959  Val Prior: 0.694275  Train Topo: 0.342773  Val Topo: 0.342897  Train GeoPrior: 0.421186  Val GeoPrior: 0.351379
  [OK] Best model saved (val_prior=0.694275)
Epoch [ 76/100]  Train Opt: 0.763396  Train Prior: 0.765264  Val Prior: 0.694783  Train Topo: 0.342845  Val Topo: 0.342853  Train GeoPrior: 0.422419  Val GeoPrior: 0.351931
Epoch [ 77/100]  Train Opt: 0.761253  Train Prior: 0.763274  Val Prior: 0.693345  Train Topo: 0.342673  Val Topo: 0.342869  Train GeoPrior: 0.420600  Val GeoPrior: 0.350476
  [OK] Best model saved (val_prior=0.693345)
Epoch [ 78/100]  Train Opt: 0.761069  Train Prior: 0.763293  Val Prior: 0.695502  Train Topo: 0.342865  Val Topo: 0.342843  Train GeoPrior: 0.420428  Val GeoPrior: 0.352659
Epoch [ 79/100]  Train Opt: 0.758788  Train Prior: 0.761287  Val Prior: 0.692471  Train Topo: 0.342802  Val Topo: 0.342839  Train GeoPrior: 0.418485  Val GeoPrior: 0.349632
  [OK] Best model saved (val_prior=0.692471)
Epoch [ 80/100]  Train Opt: 0.757631  Train Prior: 0.760061  Val Prior: 0.692594  Train Topo: 0.342997  Val Topo: 0.342871  Train GeoPrior: 0.417064  Val GeoPrior: 0.349722
Epoch [ 81/100]  Train Opt: 0.758178  Train Prior: 0.760989  Val Prior: 0.693033  Train Topo: 0.342738  Val Topo: 0.342828  Train GeoPrior: 0.418251  Val GeoPrior: 0.350205
Epoch [ 82/100]  Train Opt: 0.756952  Train Prior: 0.759792  Val Prior: 0.691971  Train Topo: 0.342723  Val Topo: 0.342842  Train GeoPrior: 0.417069  Val GeoPrior: 0.349129
  [OK] Best model saved (val_prior=0.691971)
Epoch [ 83/100]  Train Opt: 0.756239  Train Prior: 0.759167  Val Prior: 0.689750  Train Topo: 0.342897  Val Topo: 0.342837  Train GeoPrior: 0.416270  Val GeoPrior: 0.346913
  [OK] Best model saved (val_prior=0.689750)
Epoch [ 84/100]  Train Opt: 0.755861  Train Prior: 0.759241  Val Prior: 0.688786  Train Topo: 0.342643  Val Topo: 0.342816  Train GeoPrior: 0.416598  Val GeoPrior: 0.345970
  [OK] Best model saved (val_prior=0.688786)
Epoch [ 85/100]  Train Opt: 0.755624  Train Prior: 0.759113  Val Prior: 0.689491  Train Topo: 0.342724  Val Topo: 0.342839  Train GeoPrior: 0.416389  Val GeoPrior: 0.346652
Epoch [ 86/100]  Train Opt: 0.754368  Train Prior: 0.757896  Val Prior: 0.687701  Train Topo: 0.342697  Val Topo: 0.342832  Train GeoPrior: 0.415199  Val GeoPrior: 0.344869
  [OK] Best model saved (val_prior=0.687701)
Epoch [ 87/100]  Train Opt: 0.754023  Train Prior: 0.757284  Val Prior: 0.688259  Train Topo: 0.342748  Val Topo: 0.342816  Train GeoPrior: 0.414536  Val GeoPrior: 0.345443
Epoch [ 88/100]  Train Opt: 0.753529  Train Prior: 0.757152  Val Prior: 0.687755  Train Topo: 0.342757  Val Topo: 0.342813  Train GeoPrior: 0.414395  Val GeoPrior: 0.344943
Epoch [ 89/100]  Train Opt: 0.753574  Train Prior: 0.757283  Val Prior: 0.686989  Train Topo: 0.342944  Val Topo: 0.342822  Train GeoPrior: 0.414338  Val GeoPrior: 0.344167
  [OK] Best model saved (val_prior=0.686989)
Epoch [ 90/100]  Train Opt: 0.753558  Train Prior: 0.757225  Val Prior: 0.686968  Train Topo: 0.342905  Val Topo: 0.342814  Train GeoPrior: 0.414320  Val GeoPrior: 0.344154
  [OK] Best model saved (val_prior=0.686968)
Epoch [ 91/100]  Train Opt: 0.753265  Train Prior: 0.757028  Val Prior: 0.687595  Train Topo: 0.342802  Val Topo: 0.342813  Train GeoPrior: 0.414226  Val GeoPrior: 0.344782
Epoch [ 92/100]  Train Opt: 0.752422  Train Prior: 0.756219  Val Prior: 0.687173  Train Topo: 0.342719  Val Topo: 0.342816  Train GeoPrior: 0.413500  Val GeoPrior: 0.344358
Epoch [ 93/100]  Train Opt: 0.751365  Train Prior: 0.755224  Val Prior: 0.686973  Train Topo: 0.342636  Val Topo: 0.342816  Train GeoPrior: 0.412588  Val GeoPrior: 0.344157
Epoch [ 94/100]  Train Opt: 0.752245  Train Prior: 0.756019  Val Prior: 0.687095  Train Topo: 0.342803  Val Topo: 0.342818  Train GeoPrior: 0.413217  Val GeoPrior: 0.344277
Epoch [ 95/100]  Train Opt: 0.752324  Train Prior: 0.756053  Val Prior: 0.686296  Train Topo: 0.342735  Val Topo: 0.342819  Train GeoPrior: 0.413318  Val GeoPrior: 0.343478
  [OK] Best model saved (val_prior=0.686296)
Epoch [ 96/100]  Train Opt: 0.752316  Train Prior: 0.756317  Val Prior: 0.686903  Train Topo: 0.342732  Val Topo: 0.342815  Train GeoPrior: 0.413585  Val GeoPrior: 0.344088
Epoch [ 97/100]  Train Opt: 0.751312  Train Prior: 0.754874  Val Prior: 0.686667  Train Topo: 0.342697  Val Topo: 0.342815  Train GeoPrior: 0.412177  Val GeoPrior: 0.343851
Epoch [ 98/100]  Train Opt: 0.750662  Train Prior: 0.754280  Val Prior: 0.686595  Train Topo: 0.342781  Val Topo: 0.342815  Train GeoPrior: 0.411499  Val GeoPrior: 0.343780
Epoch [ 99/100]  Train Opt: 0.752297  Train Prior: 0.755966  Val Prior: 0.686642  Train Topo: 0.342596  Val Topo: 0.342816  Train GeoPrior: 0.413370  Val GeoPrior: 0.343826
Epoch [100/100]  Train Opt: 0.750511  Train Prior: 0.754041  Val Prior: 0.686672  Train Topo: 0.342801  Val Topo: 0.342816  Train GeoPrior: 0.411241  Val GeoPrior: 0.343856
[*] Final test metrics: total=0.663000  prior=0.676835  topo=0.340296  geo_prior=0.336539
[OK] Done. Loss curve saved to 'F:\LINKS4Meta\GraphMetaMat-LINKS\artifacts\il_hparam_scan\beta_0p5__prior_0p75\il_loss_curve.png'
[OK] Best weights saved to 'F:\LINKS4Meta\GraphMetaMat-LINKS\artifacts\il_hparam_scan\beta_0p5__prior_0p75\model_inverse_il.pt'
[OK] Report saved to 'F:\LINKS4Meta\GraphMetaMat-LINKS\artifacts\il_hparam_scan\beta_0p5__prior_0p75\il_training_report.json'
