Training IL on device: cuda
[*] Loading cached IL dataset from f:/LINKS4Meta/LINKS-main/il_expert_paths_80k.pt
[*] Total expert paths: 80000
[*] Using fixed split from artifacts/il_split_indices.pt | train=64000 val=8000 test=8000 seed=42

[*] Pre-batching data to GPU (one-time cost) ...
  Pre-batching 64000 samples to cuda (batch_size=4096) ...
  Pre-batching done: 16 batches cached on cuda
  Pre-batching 8000 samples to cuda (batch_size=4096) ...
  Pre-batching done: 2 batches cached on cuda
  Pre-batching 8000 samples to cuda (batch_size=4096) ...
  Pre-batching done: 2 batches cached on cuda
[*] Model params: 1.02M | Batch size: 4096 | Train batches/epoch: 16

[*] Starting IL pre-training for 100 epochs ...
Epoch [  1/100]  Train Opt: 6.746765  Train Prior: 4.697765  Val Prior: 3.335403  Train Topo: 0.571058  Val Topo: 0.584873  Train GeoPrior: 4.126707  Val GeoPrior: 2.750530
  [OK] Best model saved (val_prior=3.335403)
Epoch [  2/100]  Train Opt: 3.828938  Train Prior: 2.729462  Val Prior: 2.252918  Train Topo: 0.492589  Val Topo: 0.465865  Train GeoPrior: 2.236873  Val GeoPrior: 1.787053
  [OK] Best model saved (val_prior=2.252918)
Epoch [  3/100]  Train Opt: 2.811485  Train Prior: 2.048642  Val Prior: 1.830199  Train Topo: 0.430535  Val Topo: 0.405682  Train GeoPrior: 1.618107  Val GeoPrior: 1.424518
  [OK] Best model saved (val_prior=1.830199)
Epoch [  4/100]  Train Opt: 2.296055  Train Prior: 1.753505  Val Prior: 1.623019  Train Topo: 0.387975  Val Topo: 0.369694  Train GeoPrior: 1.365531  Val GeoPrior: 1.253325
  [OK] Best model saved (val_prior=1.623019)
Epoch [  5/100]  Train Opt: 1.888251  Train Prior: 1.595909  Val Prior: 1.504218  Train Topo: 0.365852  Val Topo: 0.353158  Train GeoPrior: 1.230057  Val GeoPrior: 1.151061
  [OK] Best model saved (val_prior=1.504218)
Epoch [  6/100]  Train Opt: 1.608441  Train Prior: 1.496490  Val Prior: 1.413025  Train Topo: 0.355603  Val Topo: 0.348986  Train GeoPrior: 1.140887  Val GeoPrior: 1.064039
  [OK] Best model saved (val_prior=1.413025)
Epoch [  7/100]  Train Opt: 1.445964  Train Prior: 1.419089  Val Prior: 1.336025  Train Topo: 0.351788  Val Topo: 0.347106  Train GeoPrior: 1.067302  Val GeoPrior: 0.988918
  [OK] Best model saved (val_prior=1.336025)
Epoch [  8/100]  Train Opt: 1.324430  Train Prior: 1.351230  Val Prior: 1.278627  Train Topo: 0.350450  Val Topo: 0.347403  Train GeoPrior: 1.000779  Val GeoPrior: 0.931224
  [OK] Best model saved (val_prior=1.278627)
Epoch [  9/100]  Train Opt: 1.253655  Train Prior: 1.297787  Val Prior: 1.215160  Train Topo: 0.349949  Val Topo: 0.346620  Train GeoPrior: 0.947839  Val GeoPrior: 0.868540
  [OK] Best model saved (val_prior=1.215160)
Epoch [ 10/100]  Train Opt: 1.200583  Train Prior: 1.253116  Val Prior: 1.175259  Train Topo: 0.348956  Val Topo: 0.346472  Train GeoPrior: 0.904160  Val GeoPrior: 0.828788
  [OK] Best model saved (val_prior=1.175259)
Epoch [ 11/100]  Train Opt: 1.162188  Train Prior: 1.219122  Val Prior: 1.152544  Train Topo: 0.348732  Val Topo: 0.348175  Train GeoPrior: 0.870390  Val GeoPrior: 0.804369
  [OK] Best model saved (val_prior=1.152544)
Epoch [ 12/100]  Train Opt: 1.122528  Train Prior: 1.183012  Val Prior: 1.110830  Train Topo: 0.348308  Val Topo: 0.345713  Train GeoPrior: 0.834704  Val GeoPrior: 0.765117
  [OK] Best model saved (val_prior=1.110830)
Epoch [ 13/100]  Train Opt: 1.086790  Train Prior: 1.156907  Val Prior: 1.082006  Train Topo: 0.347862  Val Topo: 0.345837  Train GeoPrior: 0.809045  Val GeoPrior: 0.736168
  [OK] Best model saved (val_prior=1.082006)
Epoch [ 14/100]  Train Opt: 1.054205  Train Prior: 1.131329  Val Prior: 1.058507  Train Topo: 0.347515  Val Topo: 0.344911  Train GeoPrior: 0.783813  Val GeoPrior: 0.713596
  [OK] Best model saved (val_prior=1.058507)
Epoch [ 15/100]  Train Opt: 1.027168  Train Prior: 1.108028  Val Prior: 1.029095  Train Topo: 0.347253  Val Topo: 0.344882  Train GeoPrior: 0.760775  Val GeoPrior: 0.684213
  [OK] Best model saved (val_prior=1.029095)
Epoch [ 16/100]  Train Opt: 1.008472  Train Prior: 1.087810  Val Prior: 1.005516  Train Topo: 0.346703  Val Topo: 0.345170  Train GeoPrior: 0.741107  Val GeoPrior: 0.660347
  [OK] Best model saved (val_prior=1.005516)
Epoch [ 17/100]  Train Opt: 0.994189  Train Prior: 1.072769  Val Prior: 1.003037  Train Topo: 0.346817  Val Topo: 0.344756  Train GeoPrior: 0.725952  Val GeoPrior: 0.658281
  [OK] Best model saved (val_prior=1.003037)
Epoch [ 18/100]  Train Opt: 0.978118  Train Prior: 1.053061  Val Prior: 0.976099  Train Topo: 0.346242  Val Topo: 0.345076  Train GeoPrior: 0.706819  Val GeoPrior: 0.631023
  [OK] Best model saved (val_prior=0.976099)
Epoch [ 19/100]  Train Opt: 0.966258  Train Prior: 1.039006  Val Prior: 0.968612  Train Topo: 0.346182  Val Topo: 0.344425  Train GeoPrior: 0.692824  Val GeoPrior: 0.624187
  [OK] Best model saved (val_prior=0.968612)
Epoch [ 20/100]  Train Opt: 0.956313  Train Prior: 1.026859  Val Prior: 0.945983  Train Topo: 0.345664  Val Topo: 0.344353  Train GeoPrior: 0.681195  Val GeoPrior: 0.601630
  [OK] Best model saved (val_prior=0.945983)
Epoch [ 21/100]  Train Opt: 0.946957  Train Prior: 1.015045  Val Prior: 0.938499  Train Topo: 0.345665  Val Topo: 0.344216  Train GeoPrior: 0.669380  Val GeoPrior: 0.594283
  [OK] Best model saved (val_prior=0.938499)
Epoch [ 22/100]  Train Opt: 0.938478  Train Prior: 1.002562  Val Prior: 0.931053  Train Topo: 0.345381  Val Topo: 0.344562  Train GeoPrior: 0.657180  Val GeoPrior: 0.586490
  [OK] Best model saved (val_prior=0.931053)
Epoch [ 23/100]  Train Opt: 0.932375  Train Prior: 0.995992  Val Prior: 0.916226  Train Topo: 0.345253  Val Topo: 0.344343  Train GeoPrior: 0.650738  Val GeoPrior: 0.571883
  [OK] Best model saved (val_prior=0.916226)
Epoch [ 24/100]  Train Opt: 0.921681  Train Prior: 0.981718  Val Prior: 0.913275  Train Topo: 0.345090  Val Topo: 0.344193  Train GeoPrior: 0.636628  Val GeoPrior: 0.569082
  [OK] Best model saved (val_prior=0.913275)
Epoch [ 25/100]  Train Opt: 0.913488  Train Prior: 0.970667  Val Prior: 0.900133  Train Topo: 0.345143  Val Topo: 0.343988  Train GeoPrior: 0.625524  Val GeoPrior: 0.556145
  [OK] Best model saved (val_prior=0.900133)
Epoch [ 26/100]  Train Opt: 0.906062  Train Prior: 0.961442  Val Prior: 0.883299  Train Topo: 0.344955  Val Topo: 0.343949  Train GeoPrior: 0.616487  Val GeoPrior: 0.539350
  [OK] Best model saved (val_prior=0.883299)
Epoch [ 27/100]  Train Opt: 0.896757  Train Prior: 0.949167  Val Prior: 0.880113  Train Topo: 0.344924  Val Topo: 0.343904  Train GeoPrior: 0.604243  Val GeoPrior: 0.536209
  [OK] Best model saved (val_prior=0.880113)
Epoch [ 28/100]  Train Opt: 0.891818  Train Prior: 0.942157  Val Prior: 0.879783  Train Topo: 0.344825  Val Topo: 0.344015  Train GeoPrior: 0.597332  Val GeoPrior: 0.535769
  [OK] Best model saved (val_prior=0.879783)
Epoch [ 29/100]  Train Opt: 0.885179  Train Prior: 0.933611  Val Prior: 0.856798  Train Topo: 0.344659  Val Topo: 0.343910  Train GeoPrior: 0.588952  Val GeoPrior: 0.512888
  [OK] Best model saved (val_prior=0.856798)
Epoch [ 30/100]  Train Opt: 0.876168  Train Prior: 0.922648  Val Prior: 0.857458  Train Topo: 0.344682  Val Topo: 0.343934  Train GeoPrior: 0.577965  Val GeoPrior: 0.513524
Epoch [ 31/100]  Train Opt: 0.871087  Train Prior: 0.916118  Val Prior: 0.845944  Train Topo: 0.344456  Val Topo: 0.343777  Train GeoPrior: 0.571661  Val GeoPrior: 0.502167
  [OK] Best model saved (val_prior=0.845944)
Epoch [ 32/100]  Train Opt: 0.864907  Train Prior: 0.909290  Val Prior: 0.840269  Train Topo: 0.344676  Val Topo: 0.343707  Train GeoPrior: 0.564614  Val GeoPrior: 0.496562
  [OK] Best model saved (val_prior=0.840269)
Epoch [ 33/100]  Train Opt: 0.859830  Train Prior: 0.902372  Val Prior: 0.830305  Train Topo: 0.344253  Val Topo: 0.344057  Train GeoPrior: 0.558118  Val GeoPrior: 0.486248
  [OK] Best model saved (val_prior=0.830305)
Epoch [ 34/100]  Train Opt: 0.851087  Train Prior: 0.891973  Val Prior: 0.822448  Train Topo: 0.344354  Val Topo: 0.343660  Train GeoPrior: 0.547619  Val GeoPrior: 0.478788
  [OK] Best model saved (val_prior=0.822448)
Epoch [ 35/100]  Train Opt: 0.849436  Train Prior: 0.889184  Val Prior: 0.819863  Train Topo: 0.344223  Val Topo: 0.343510  Train GeoPrior: 0.544961  Val GeoPrior: 0.476353
  [OK] Best model saved (val_prior=0.819863)
Epoch [ 36/100]  Train Opt: 0.841803  Train Prior: 0.879602  Val Prior: 0.811555  Train Topo: 0.344117  Val Topo: 0.343862  Train GeoPrior: 0.535485  Val GeoPrior: 0.467693
  [OK] Best model saved (val_prior=0.811555)
Epoch [ 37/100]  Train Opt: 0.837856  Train Prior: 0.874829  Val Prior: 0.803099  Train Topo: 0.344152  Val Topo: 0.343392  Train GeoPrior: 0.530676  Val GeoPrior: 0.459707
  [OK] Best model saved (val_prior=0.803099)
Epoch [ 38/100]  Train Opt: 0.832355  Train Prior: 0.867146  Val Prior: 0.798696  Train Topo: 0.344056  Val Topo: 0.343768  Train GeoPrior: 0.523090  Val GeoPrior: 0.454928
  [OK] Best model saved (val_prior=0.798696)
Epoch [ 39/100]  Train Opt: 0.828587  Train Prior: 0.863679  Val Prior: 0.790900  Train Topo: 0.344030  Val Topo: 0.343368  Train GeoPrior: 0.519649  Val GeoPrior: 0.447532
  [OK] Best model saved (val_prior=0.790900)
Epoch [ 40/100]  Train Opt: 0.822226  Train Prior: 0.855910  Val Prior: 0.785337  Train Topo: 0.343916  Val Topo: 0.343513  Train GeoPrior: 0.511994  Val GeoPrior: 0.441824
  [OK] Best model saved (val_prior=0.785337)
Epoch [ 41/100]  Train Opt: 0.817119  Train Prior: 0.849466  Val Prior: 0.779722  Train Topo: 0.343980  Val Topo: 0.343720  Train GeoPrior: 0.505486  Val GeoPrior: 0.436002
  [OK] Best model saved (val_prior=0.779722)
Epoch [ 42/100]  Train Opt: 0.813180  Train Prior: 0.845649  Val Prior: 0.775530  Train Topo: 0.343821  Val Topo: 0.343571  Train GeoPrior: 0.501828  Val GeoPrior: 0.431958
  [OK] Best model saved (val_prior=0.775530)
Epoch [ 43/100]  Train Opt: 0.807898  Train Prior: 0.840025  Val Prior: 0.772965  Train Topo: 0.343917  Val Topo: 0.343234  Train GeoPrior: 0.496108  Val GeoPrior: 0.429731
  [OK] Best model saved (val_prior=0.772965)
Epoch [ 44/100]  Train Opt: 0.805501  Train Prior: 0.838188  Val Prior: 0.766893  Train Topo: 0.343526  Val Topo: 0.343590  Train GeoPrior: 0.494662  Val GeoPrior: 0.423303
  [OK] Best model saved (val_prior=0.766893)
Epoch [ 45/100]  Train Opt: 0.800613  Train Prior: 0.833229  Val Prior: 0.764769  Train Topo: 0.343795  Val Topo: 0.343333  Train GeoPrior: 0.489434  Val GeoPrior: 0.421437
  [OK] Best model saved (val_prior=0.764769)
Epoch [ 46/100]  Train Opt: 0.794109  Train Prior: 0.826172  Val Prior: 0.756894  Train Topo: 0.343852  Val Topo: 0.343364  Train GeoPrior: 0.482320  Val GeoPrior: 0.413530
  [OK] Best model saved (val_prior=0.756894)
Epoch [ 47/100]  Train Opt: 0.789955  Train Prior: 0.821399  Val Prior: 0.755046  Train Topo: 0.343676  Val Topo: 0.343191  Train GeoPrior: 0.477723  Val GeoPrior: 0.411856
  [OK] Best model saved (val_prior=0.755046)
Epoch [ 48/100]  Train Opt: 0.786983  Train Prior: 0.820152  Val Prior: 0.752580  Train Topo: 0.343661  Val Topo: 0.343434  Train GeoPrior: 0.476491  Val GeoPrior: 0.409146
  [OK] Best model saved (val_prior=0.752580)
Epoch [ 49/100]  Train Opt: 0.782259  Train Prior: 0.815400  Val Prior: 0.746966  Train Topo: 0.343608  Val Topo: 0.343164  Train GeoPrior: 0.471792  Val GeoPrior: 0.403802
  [OK] Best model saved (val_prior=0.746966)
Epoch [ 50/100]  Train Opt: 0.778670  Train Prior: 0.812995  Val Prior: 0.751549  Train Topo: 0.343298  Val Topo: 0.343147  Train GeoPrior: 0.469697  Val GeoPrior: 0.408402
Epoch [ 51/100]  Train Opt: 0.774017  Train Prior: 0.809937  Val Prior: 0.745325  Train Topo: 0.343454  Val Topo: 0.343213  Train GeoPrior: 0.466483  Val GeoPrior: 0.402113
  [OK] Best model saved (val_prior=0.745325)
Epoch [ 52/100]  Train Opt: 0.770501  Train Prior: 0.805966  Val Prior: 0.737335  Train Topo: 0.343328  Val Topo: 0.343189  Train GeoPrior: 0.462638  Val GeoPrior: 0.394147
  [OK] Best model saved (val_prior=0.737335)
Epoch [ 53/100]  Train Opt: 0.765670  Train Prior: 0.801880  Val Prior: 0.744203  Train Topo: 0.343342  Val Topo: 0.343028  Train GeoPrior: 0.458538  Val GeoPrior: 0.401175
Epoch [ 54/100]  Train Opt: 0.761668  Train Prior: 0.798596  Val Prior: 0.732532  Train Topo: 0.343263  Val Topo: 0.343139  Train GeoPrior: 0.455333  Val GeoPrior: 0.389393
  [OK] Best model saved (val_prior=0.732532)
Epoch [ 55/100]  Train Opt: 0.757167  Train Prior: 0.795713  Val Prior: 0.729810  Train Topo: 0.343262  Val Topo: 0.342944  Train GeoPrior: 0.452452  Val GeoPrior: 0.386866
  [OK] Best model saved (val_prior=0.729810)
Epoch [ 56/100]  Train Opt: 0.753436  Train Prior: 0.793062  Val Prior: 0.730696  Train Topo: 0.343150  Val Topo: 0.343140  Train GeoPrior: 0.449912  Val GeoPrior: 0.387556
Epoch [ 57/100]  Train Opt: 0.751330  Train Prior: 0.791890  Val Prior: 0.723620  Train Topo: 0.343095  Val Topo: 0.342954  Train GeoPrior: 0.448795  Val GeoPrior: 0.380666
  [OK] Best model saved (val_prior=0.723620)
Epoch [ 58/100]  Train Opt: 0.747717  Train Prior: 0.789446  Val Prior: 0.721547  Train Topo: 0.343168  Val Topo: 0.342977  Train GeoPrior: 0.446278  Val GeoPrior: 0.378570
  [OK] Best model saved (val_prior=0.721547)
Epoch [ 59/100]  Train Opt: 0.744313  Train Prior: 0.787027  Val Prior: 0.721524  Train Topo: 0.343072  Val Topo: 0.343005  Train GeoPrior: 0.443956  Val GeoPrior: 0.378519
  [OK] Best model saved (val_prior=0.721524)
Epoch [ 60/100]  Train Opt: 0.740779  Train Prior: 0.783879  Val Prior: 0.715801  Train Topo: 0.343270  Val Topo: 0.343036  Train GeoPrior: 0.440610  Val GeoPrior: 0.372764
  [OK] Best model saved (val_prior=0.715801)
Epoch [ 61/100]  Train Opt: 0.740301  Train Prior: 0.784159  Val Prior: 0.714758  Train Topo: 0.343205  Val Topo: 0.343016  Train GeoPrior: 0.440954  Val GeoPrior: 0.371742
  [OK] Best model saved (val_prior=0.714758)
Epoch [ 62/100]  Train Opt: 0.736393  Train Prior: 0.781830  Val Prior: 0.710388  Train Topo: 0.343131  Val Topo: 0.342946  Train GeoPrior: 0.438698  Val GeoPrior: 0.367442
  [OK] Best model saved (val_prior=0.710388)
Epoch [ 63/100]  Train Opt: 0.733091  Train Prior: 0.778482  Val Prior: 0.711198  Train Topo: 0.342904  Val Topo: 0.342860  Train GeoPrior: 0.435578  Val GeoPrior: 0.368339
Epoch [ 64/100]  Train Opt: 0.730098  Train Prior: 0.776188  Val Prior: 0.712525  Train Topo: 0.342975  Val Topo: 0.342887  Train GeoPrior: 0.433213  Val GeoPrior: 0.369638
Epoch [ 65/100]  Train Opt: 0.727912  Train Prior: 0.774875  Val Prior: 0.709131  Train Topo: 0.342924  Val Topo: 0.342819  Train GeoPrior: 0.431951  Val GeoPrior: 0.366312
  [OK] Best model saved (val_prior=0.709131)
Epoch [ 66/100]  Train Opt: 0.726897  Train Prior: 0.773777  Val Prior: 0.705819  Train Topo: 0.343105  Val Topo: 0.342904  Train GeoPrior: 0.430672  Val GeoPrior: 0.362915
  [OK] Best model saved (val_prior=0.705819)
Epoch [ 67/100]  Train Opt: 0.724334  Train Prior: 0.772263  Val Prior: 0.702643  Train Topo: 0.342948  Val Topo: 0.342830  Train GeoPrior: 0.429315  Val GeoPrior: 0.359812
  [OK] Best model saved (val_prior=0.702643)
Epoch [ 68/100]  Train Opt: 0.723347  Train Prior: 0.771437  Val Prior: 0.703589  Train Topo: 0.343067  Val Topo: 0.342799  Train GeoPrior: 0.428370  Val GeoPrior: 0.360790
Epoch [ 69/100]  Train Opt: 0.720976  Train Prior: 0.770023  Val Prior: 0.701667  Train Topo: 0.342874  Val Topo: 0.342885  Train GeoPrior: 0.427149  Val GeoPrior: 0.358782
  [OK] Best model saved (val_prior=0.701667)
Epoch [ 70/100]  Train Opt: 0.721018  Train Prior: 0.770640  Val Prior: 0.700531  Train Topo: 0.342872  Val Topo: 0.342996  Train GeoPrior: 0.427768  Val GeoPrior: 0.357536
  [OK] Best model saved (val_prior=0.700531)
Epoch [ 71/100]  Train Opt: 0.718175  Train Prior: 0.767694  Val Prior: 0.701466  Train Topo: 0.342918  Val Topo: 0.342809  Train GeoPrior: 0.424776  Val GeoPrior: 0.358657
Epoch [ 72/100]  Train Opt: 0.716151  Train Prior: 0.765349  Val Prior: 0.699039  Train Topo: 0.342927  Val Topo: 0.342824  Train GeoPrior: 0.422422  Val GeoPrior: 0.356215
  [OK] Best model saved (val_prior=0.699039)
Epoch [ 73/100]  Train Opt: 0.715744  Train Prior: 0.766264  Val Prior: 0.697350  Train Topo: 0.342914  Val Topo: 0.342761  Train GeoPrior: 0.423349  Val GeoPrior: 0.354589
  [OK] Best model saved (val_prior=0.697350)
Epoch [ 74/100]  Train Opt: 0.713987  Train Prior: 0.764390  Val Prior: 0.700800  Train Topo: 0.342746  Val Topo: 0.342828  Train GeoPrior: 0.421645  Val GeoPrior: 0.357971
Epoch [ 75/100]  Train Opt: 0.712628  Train Prior: 0.763165  Val Prior: 0.697385  Train Topo: 0.342693  Val Topo: 0.342758  Train GeoPrior: 0.420472  Val GeoPrior: 0.354627
Epoch [ 76/100]  Train Opt: 0.712276  Train Prior: 0.762666  Val Prior: 0.695762  Train Topo: 0.342832  Val Topo: 0.342868  Train GeoPrior: 0.419834  Val GeoPrior: 0.352894
  [OK] Best model saved (val_prior=0.695762)
Epoch [ 77/100]  Train Opt: 0.710077  Train Prior: 0.760746  Val Prior: 0.695960  Train Topo: 0.342714  Val Topo: 0.342756  Train GeoPrior: 0.418032  Val GeoPrior: 0.353203
Epoch [ 78/100]  Train Opt: 0.709757  Train Prior: 0.760850  Val Prior: 0.693940  Train Topo: 0.342778  Val Topo: 0.342795  Train GeoPrior: 0.418071  Val GeoPrior: 0.351144
  [OK] Best model saved (val_prior=0.693940)
Epoch [ 79/100]  Train Opt: 0.708464  Train Prior: 0.759478  Val Prior: 0.693714  Train Topo: 0.342813  Val Topo: 0.342781  Train GeoPrior: 0.416665  Val GeoPrior: 0.350933
  [OK] Best model saved (val_prior=0.693714)
Epoch [ 80/100]  Train Opt: 0.708044  Train Prior: 0.759476  Val Prior: 0.692331  Train Topo: 0.342737  Val Topo: 0.342764  Train GeoPrior: 0.416739  Val GeoPrior: 0.349567
  [OK] Best model saved (val_prior=0.692331)
Epoch [ 81/100]  Train Opt: 0.707549  Train Prior: 0.758337  Val Prior: 0.693110  Train Topo: 0.342845  Val Topo: 0.342755  Train GeoPrior: 0.415492  Val GeoPrior: 0.350354
Epoch [ 82/100]  Train Opt: 0.707574  Train Prior: 0.758853  Val Prior: 0.692392  Train Topo: 0.342684  Val Topo: 0.342738  Train GeoPrior: 0.416168  Val GeoPrior: 0.349654
Epoch [ 83/100]  Train Opt: 0.705559  Train Prior: 0.756976  Val Prior: 0.691741  Train Topo: 0.342673  Val Topo: 0.342774  Train GeoPrior: 0.414303  Val GeoPrior: 0.348967
  [OK] Best model saved (val_prior=0.691741)
Epoch [ 84/100]  Train Opt: 0.705786  Train Prior: 0.757493  Val Prior: 0.690482  Train Topo: 0.342679  Val Topo: 0.342733  Train GeoPrior: 0.414814  Val GeoPrior: 0.347749
  [OK] Best model saved (val_prior=0.690482)
Epoch [ 85/100]  Train Opt: 0.705113  Train Prior: 0.756245  Val Prior: 0.691503  Train Topo: 0.342596  Val Topo: 0.342756  Train GeoPrior: 0.413648  Val GeoPrior: 0.348747
Epoch [ 86/100]  Train Opt: 0.704800  Train Prior: 0.756389  Val Prior: 0.689547  Train Topo: 0.342644  Val Topo: 0.342744  Train GeoPrior: 0.413745  Val GeoPrior: 0.346803
  [OK] Best model saved (val_prior=0.689547)
Epoch [ 87/100]  Train Opt: 0.705770  Train Prior: 0.758094  Val Prior: 0.689132  Train Topo: 0.342654  Val Topo: 0.342739  Train GeoPrior: 0.415440  Val GeoPrior: 0.346393
  [OK] Best model saved (val_prior=0.689132)
Epoch [ 88/100]  Train Opt: 0.704233  Train Prior: 0.756176  Val Prior: 0.689818  Train Topo: 0.342704  Val Topo: 0.342741  Train GeoPrior: 0.413472  Val GeoPrior: 0.347078
Epoch [ 89/100]  Train Opt: 0.703706  Train Prior: 0.755284  Val Prior: 0.689703  Train Topo: 0.342754  Val Topo: 0.342741  Train GeoPrior: 0.412530  Val GeoPrior: 0.346962
Epoch [ 90/100]  Train Opt: 0.704159  Train Prior: 0.755901  Val Prior: 0.689141  Train Topo: 0.342726  Val Topo: 0.342753  Train GeoPrior: 0.413175  Val GeoPrior: 0.346388
Epoch [ 91/100]  Train Opt: 0.703309  Train Prior: 0.755284  Val Prior: 0.688752  Train Topo: 0.342626  Val Topo: 0.342743  Train GeoPrior: 0.412658  Val GeoPrior: 0.346009
  [OK] Best model saved (val_prior=0.688752)
Epoch [ 92/100]  Train Opt: 0.703403  Train Prior: 0.754737  Val Prior: 0.689245  Train Topo: 0.342693  Val Topo: 0.342735  Train GeoPrior: 0.412045  Val GeoPrior: 0.346509
Epoch [ 93/100]  Train Opt: 0.702956  Train Prior: 0.754522  Val Prior: 0.688758  Train Topo: 0.342624  Val Topo: 0.342738  Train GeoPrior: 0.411898  Val GeoPrior: 0.346021
Epoch [ 94/100]  Train Opt: 0.703522  Train Prior: 0.755233  Val Prior: 0.688880  Train Topo: 0.342596  Val Topo: 0.342734  Train GeoPrior: 0.412638  Val GeoPrior: 0.346146
Epoch [ 95/100]  Train Opt: 0.703213  Train Prior: 0.754971  Val Prior: 0.688680  Train Topo: 0.342527  Val Topo: 0.342736  Train GeoPrior: 0.412444  Val GeoPrior: 0.345944
  [OK] Best model saved (val_prior=0.688680)
Epoch [ 96/100]  Train Opt: 0.702438  Train Prior: 0.754750  Val Prior: 0.688633  Train Topo: 0.342543  Val Topo: 0.342739  Train GeoPrior: 0.412207  Val GeoPrior: 0.345894
  [OK] Best model saved (val_prior=0.688633)
Epoch [ 97/100]  Train Opt: 0.703083  Train Prior: 0.754819  Val Prior: 0.688621  Train Topo: 0.342685  Val Topo: 0.342738  Train GeoPrior: 0.412134  Val GeoPrior: 0.345883
  [OK] Best model saved (val_prior=0.688621)
Epoch [ 98/100]  Train Opt: 0.702545  Train Prior: 0.754211  Val Prior: 0.688645  Train Topo: 0.342741  Val Topo: 0.342739  Train GeoPrior: 0.411470  Val GeoPrior: 0.345906
Epoch [ 99/100]  Train Opt: 0.702852  Train Prior: 0.754087  Val Prior: 0.688639  Train Topo: 0.342811  Val Topo: 0.342738  Train GeoPrior: 0.411276  Val GeoPrior: 0.345900
Epoch [100/100]  Train Opt: 0.702284  Train Prior: 0.753381  Val Prior: 0.688712  Train Topo: 0.342873  Val Topo: 0.342738  Train GeoPrior: 0.410508  Val GeoPrior: 0.345974
[*] Final test metrics: total=0.607675  prior=0.679239  topo=0.340194  geo_prior=0.339046
[OK] Done. Loss curve saved to 'F:\LINKS4Meta\GraphMetaMat-LINKS\artifacts\il_hparam_scan\beta_1p0__prior_0p5\il_loss_curve.png'
[OK] Best weights saved to 'F:\LINKS4Meta\GraphMetaMat-LINKS\artifacts\il_hparam_scan\beta_1p0__prior_0p5\model_inverse_il.pt'
[OK] Report saved to 'F:\LINKS4Meta\GraphMetaMat-LINKS\artifacts\il_hparam_scan\beta_1p0__prior_0p5\il_training_report.json'
