Training IL on device: cuda
[*] Loading cached IL dataset from f:/LINKS4Meta/LINKS-main/il_expert_paths_80k.pt
[*] Total expert paths: 80000
[*] Using fixed split from artifacts/il_split_indices.pt | train=64000 val=8000 test=8000 seed=42

[*] Pre-batching data to GPU (one-time cost) ...
  Pre-batching 64000 samples to cuda (batch_size=4096) ...
  Pre-batching done: 16 batches cached on cuda
  Pre-batching 8000 samples to cuda (batch_size=4096) ...
  Pre-batching done: 2 batches cached on cuda
  Pre-batching 8000 samples to cuda (batch_size=4096) ...
  Pre-batching done: 2 batches cached on cuda
[*] Model params: 1.02M | Batch size: 4096 | Train batches/epoch: 16

[*] Starting IL pre-training for 100 epochs ...
Epoch [  1/100]  Train Opt: 5.535878  Train Prior: 4.558157  Val Prior: 3.285276  Train Topo: 0.602743  Val Topo: 0.636902  Train GeoPrior: 3.955414  Val GeoPrior: 2.648374
  [OK] Best model saved (val_prior=3.285276)
Epoch [  2/100]  Train Opt: 3.184482  Train Prior: 2.676205  Val Prior: 2.174047  Train Topo: 0.520384  Val Topo: 0.482830  Train GeoPrior: 2.155821  Val GeoPrior: 1.691217
  [OK] Best model saved (val_prior=2.174047)
Epoch [  3/100]  Train Opt: 2.319891  Train Prior: 1.990286  Val Prior: 1.779939  Train Topo: 0.457987  Val Topo: 0.412650  Train GeoPrior: 1.532299  Val GeoPrior: 1.367289
  [OK] Best model saved (val_prior=1.779939)
Epoch [  4/100]  Train Opt: 1.898245  Train Prior: 1.722471  Val Prior: 1.607591  Train Topo: 0.401115  Val Topo: 0.380601  Train GeoPrior: 1.321356  Val GeoPrior: 1.226989
  [OK] Best model saved (val_prior=1.607591)
Epoch [  5/100]  Train Opt: 1.528747  Train Prior: 1.586150  Val Prior: 1.510912  Train Topo: 0.371462  Val Topo: 0.360303  Train GeoPrior: 1.214688  Val GeoPrior: 1.150610
  [OK] Best model saved (val_prior=1.510912)
Epoch [  6/100]  Train Opt: 1.275077  Train Prior: 1.508249  Val Prior: 1.433049  Train Topo: 0.358423  Val Topo: 0.349677  Train GeoPrior: 1.149826  Val GeoPrior: 1.083372
  [OK] Best model saved (val_prior=1.433049)
Epoch [  7/100]  Train Opt: 1.151179  Train Prior: 1.454284  Val Prior: 1.380337  Train Topo: 0.352840  Val Topo: 0.347303  Train GeoPrior: 1.101445  Val GeoPrior: 1.033035
  [OK] Best model saved (val_prior=1.380337)
Epoch [  8/100]  Train Opt: 1.051999  Train Prior: 1.404889  Val Prior: 1.333040  Train Topo: 0.350012  Val Topo: 0.346893  Train GeoPrior: 1.054877  Val GeoPrior: 0.986147
  [OK] Best model saved (val_prior=1.333040)
Epoch [  9/100]  Train Opt: 0.960676  Train Prior: 1.363823  Val Prior: 1.296095  Train Topo: 0.348589  Val Topo: 0.346003  Train GeoPrior: 1.015234  Val GeoPrior: 0.950092
  [OK] Best model saved (val_prior=1.296095)
Epoch [ 10/100]  Train Opt: 0.891461  Train Prior: 1.335669  Val Prior: 1.269129  Train Topo: 0.347501  Val Topo: 0.346150  Train GeoPrior: 0.988169  Val GeoPrior: 0.922979
  [OK] Best model saved (val_prior=1.269129)
Epoch [ 11/100]  Train Opt: 0.846270  Train Prior: 1.304972  Val Prior: 1.240680  Train Topo: 0.346533  Val Topo: 0.347396  Train GeoPrior: 0.958439  Val GeoPrior: 0.893284
  [OK] Best model saved (val_prior=1.240680)
Epoch [ 12/100]  Train Opt: 0.822197  Train Prior: 1.277793  Val Prior: 1.204208  Train Topo: 0.346101  Val Topo: 0.344882  Train GeoPrior: 0.931692  Val GeoPrior: 0.859326
  [OK] Best model saved (val_prior=1.204208)
Epoch [ 13/100]  Train Opt: 0.804503  Train Prior: 1.252591  Val Prior: 1.179965  Train Topo: 0.345800  Val Topo: 0.344774  Train GeoPrior: 0.906792  Val GeoPrior: 0.835191
  [OK] Best model saved (val_prior=1.179965)
Epoch [ 14/100]  Train Opt: 0.788634  Train Prior: 1.222116  Val Prior: 1.146363  Train Topo: 0.345711  Val Topo: 0.344678  Train GeoPrior: 0.876405  Val GeoPrior: 0.801686
  [OK] Best model saved (val_prior=1.146363)
Epoch [ 15/100]  Train Opt: 0.774376  Train Prior: 1.190057  Val Prior: 1.116508  Train Topo: 0.345773  Val Topo: 0.344446  Train GeoPrior: 0.844285  Val GeoPrior: 0.772063
  [OK] Best model saved (val_prior=1.116508)
Epoch [ 16/100]  Train Opt: 0.762279  Train Prior: 1.162847  Val Prior: 1.089125  Train Topo: 0.345432  Val Topo: 0.344415  Train GeoPrior: 0.817415  Val GeoPrior: 0.744710
  [OK] Best model saved (val_prior=1.089125)
Epoch [ 17/100]  Train Opt: 0.752933  Train Prior: 1.143222  Val Prior: 1.079066  Train Topo: 0.345370  Val Topo: 0.344788  Train GeoPrior: 0.797852  Val GeoPrior: 0.734278
  [OK] Best model saved (val_prior=1.079066)
Epoch [ 18/100]  Train Opt: 0.746075  Train Prior: 1.131453  Val Prior: 1.058882  Train Topo: 0.344867  Val Topo: 0.344201  Train GeoPrior: 0.786586  Val GeoPrior: 0.714681
  [OK] Best model saved (val_prior=1.058882)
Epoch [ 19/100]  Train Opt: 0.738026  Train Prior: 1.112878  Val Prior: 1.036399  Train Topo: 0.344765  Val Topo: 0.344589  Train GeoPrior: 0.768113  Val GeoPrior: 0.691811
  [OK] Best model saved (val_prior=1.036399)
Epoch [ 20/100]  Train Opt: 0.728778  Train Prior: 1.092624  Val Prior: 1.028885  Train Topo: 0.344370  Val Topo: 0.343832  Train GeoPrior: 0.748253  Val GeoPrior: 0.685053
  [OK] Best model saved (val_prior=1.028885)
Epoch [ 21/100]  Train Opt: 0.721730  Train Prior: 1.080192  Val Prior: 0.999495  Train Topo: 0.344281  Val Topo: 0.344053  Train GeoPrior: 0.735911  Val GeoPrior: 0.655442
  [OK] Best model saved (val_prior=0.999495)
Epoch [ 22/100]  Train Opt: 0.715319  Train Prior: 1.067581  Val Prior: 0.991457  Train Topo: 0.344119  Val Topo: 0.343717  Train GeoPrior: 0.723462  Val GeoPrior: 0.647740
  [OK] Best model saved (val_prior=0.991457)
Epoch [ 23/100]  Train Opt: 0.707436  Train Prior: 1.049544  Val Prior: 0.981213  Train Topo: 0.343858  Val Topo: 0.343775  Train GeoPrior: 0.705687  Val GeoPrior: 0.637438
  [OK] Best model saved (val_prior=0.981213)
Epoch [ 24/100]  Train Opt: 0.702837  Train Prior: 1.041553  Val Prior: 0.965516  Train Topo: 0.343872  Val Topo: 0.343788  Train GeoPrior: 0.697681  Val GeoPrior: 0.621728
  [OK] Best model saved (val_prior=0.965516)
Epoch [ 25/100]  Train Opt: 0.698252  Train Prior: 1.034790  Val Prior: 0.968419  Train Topo: 0.343720  Val Topo: 0.343434  Train GeoPrior: 0.691070  Val GeoPrior: 0.624985
Epoch [ 26/100]  Train Opt: 0.693520  Train Prior: 1.025639  Val Prior: 0.949370  Train Topo: 0.343601  Val Topo: 0.343519  Train GeoPrior: 0.682038  Val GeoPrior: 0.605850
  [OK] Best model saved (val_prior=0.949370)
Epoch [ 27/100]  Train Opt: 0.688358  Train Prior: 1.017861  Val Prior: 0.964610  Train Topo: 0.343564  Val Topo: 0.343351  Train GeoPrior: 0.674297  Val GeoPrior: 0.621259
Epoch [ 28/100]  Train Opt: 0.682865  Train Prior: 1.008473  Val Prior: 0.931514  Train Topo: 0.343409  Val Topo: 0.343404  Train GeoPrior: 0.665065  Val GeoPrior: 0.588110
  [OK] Best model saved (val_prior=0.931514)
Epoch [ 29/100]  Train Opt: 0.677885  Train Prior: 1.001283  Val Prior: 0.924080  Train Topo: 0.343088  Val Topo: 0.343344  Train GeoPrior: 0.658196  Val GeoPrior: 0.580736
  [OK] Best model saved (val_prior=0.924080)
Epoch [ 30/100]  Train Opt: 0.673757  Train Prior: 0.995646  Val Prior: 0.921770  Train Topo: 0.343116  Val Topo: 0.343340  Train GeoPrior: 0.652530  Val GeoPrior: 0.578430
  [OK] Best model saved (val_prior=0.921770)
Epoch [ 31/100]  Train Opt: 0.667317  Train Prior: 0.986302  Val Prior: 0.910266  Train Topo: 0.343100  Val Topo: 0.343469  Train GeoPrior: 0.643202  Val GeoPrior: 0.566797
  [OK] Best model saved (val_prior=0.910266)
Epoch [ 32/100]  Train Opt: 0.663932  Train Prior: 0.982780  Val Prior: 0.916771  Train Topo: 0.343234  Val Topo: 0.343325  Train GeoPrior: 0.639546  Val GeoPrior: 0.573445
Epoch [ 33/100]  Train Opt: 0.658494  Train Prior: 0.976769  Val Prior: 0.896226  Train Topo: 0.342943  Val Topo: 0.343096  Train GeoPrior: 0.633825  Val GeoPrior: 0.553131
  [OK] Best model saved (val_prior=0.896226)
Epoch [ 34/100]  Train Opt: 0.652055  Train Prior: 0.967312  Val Prior: 0.896361  Train Topo: 0.342886  Val Topo: 0.343295  Train GeoPrior: 0.624426  Val GeoPrior: 0.553066
Epoch [ 35/100]  Train Opt: 0.647477  Train Prior: 0.962712  Val Prior: 0.879036  Train Topo: 0.342873  Val Topo: 0.343048  Train GeoPrior: 0.619838  Val GeoPrior: 0.535988
  [OK] Best model saved (val_prior=0.879036)
Epoch [ 36/100]  Train Opt: 0.642847  Train Prior: 0.956911  Val Prior: 0.879985  Train Topo: 0.342912  Val Topo: 0.343159  Train GeoPrior: 0.613999  Val GeoPrior: 0.536826
Epoch [ 37/100]  Train Opt: 0.637453  Train Prior: 0.950358  Val Prior: 0.877306  Train Topo: 0.342833  Val Topo: 0.343124  Train GeoPrior: 0.607525  Val GeoPrior: 0.534182
  [OK] Best model saved (val_prior=0.877306)
Epoch [ 38/100]  Train Opt: 0.634132  Train Prior: 0.949965  Val Prior: 0.872497  Train Topo: 0.342799  Val Topo: 0.343125  Train GeoPrior: 0.607166  Val GeoPrior: 0.529372
  [OK] Best model saved (val_prior=0.872497)
Epoch [ 39/100]  Train Opt: 0.628612  Train Prior: 0.942889  Val Prior: 0.872670  Train Topo: 0.342679  Val Topo: 0.343087  Train GeoPrior: 0.600211  Val GeoPrior: 0.529583
Epoch [ 40/100]  Train Opt: 0.622919  Train Prior: 0.934361  Val Prior: 0.858767  Train Topo: 0.342789  Val Topo: 0.343021  Train GeoPrior: 0.591572  Val GeoPrior: 0.515747
  [OK] Best model saved (val_prior=0.858767)
Epoch [ 41/100]  Train Opt: 0.619269  Train Prior: 0.931749  Val Prior: 0.850469  Train Topo: 0.342676  Val Topo: 0.343073  Train GeoPrior: 0.589072  Val GeoPrior: 0.507396
  [OK] Best model saved (val_prior=0.850469)
Epoch [ 42/100]  Train Opt: 0.615158  Train Prior: 0.927951  Val Prior: 0.855893  Train Topo: 0.342622  Val Topo: 0.343042  Train GeoPrior: 0.585329  Val GeoPrior: 0.512851
Epoch [ 43/100]  Train Opt: 0.611585  Train Prior: 0.924020  Val Prior: 0.845700  Train Topo: 0.342658  Val Topo: 0.342999  Train GeoPrior: 0.581362  Val GeoPrior: 0.502701
  [OK] Best model saved (val_prior=0.845700)
Epoch [ 44/100]  Train Opt: 0.606728  Train Prior: 0.917411  Val Prior: 0.844165  Train Topo: 0.342673  Val Topo: 0.342984  Train GeoPrior: 0.574738  Val GeoPrior: 0.501181
  [OK] Best model saved (val_prior=0.844165)
Epoch [ 45/100]  Train Opt: 0.603666  Train Prior: 0.915818  Val Prior: 0.836711  Train Topo: 0.342679  Val Topo: 0.343039  Train GeoPrior: 0.573139  Val GeoPrior: 0.493671
  [OK] Best model saved (val_prior=0.836711)
Epoch [ 46/100]  Train Opt: 0.599557  Train Prior: 0.909288  Val Prior: 0.836795  Train Topo: 0.342531  Val Topo: 0.342991  Train GeoPrior: 0.566757  Val GeoPrior: 0.493804
Epoch [ 47/100]  Train Opt: 0.596361  Train Prior: 0.905453  Val Prior: 0.831496  Train Topo: 0.342521  Val Topo: 0.342928  Train GeoPrior: 0.562932  Val GeoPrior: 0.488567
  [OK] Best model saved (val_prior=0.831496)
Epoch [ 48/100]  Train Opt: 0.595565  Train Prior: 0.908078  Val Prior: 0.832825  Train Topo: 0.342673  Val Topo: 0.342914  Train GeoPrior: 0.565405  Val GeoPrior: 0.489911
Epoch [ 49/100]  Train Opt: 0.591615  Train Prior: 0.900057  Val Prior: 0.820751  Train Topo: 0.342487  Val Topo: 0.343118  Train GeoPrior: 0.557570  Val GeoPrior: 0.477633
  [OK] Best model saved (val_prior=0.820751)
Epoch [ 50/100]  Train Opt: 0.588830  Train Prior: 0.896176  Val Prior: 0.818327  Train Topo: 0.342492  Val Topo: 0.342948  Train GeoPrior: 0.553684  Val GeoPrior: 0.475379
  [OK] Best model saved (val_prior=0.818327)
Epoch [ 51/100]  Train Opt: 0.585875  Train Prior: 0.890858  Val Prior: 0.814430  Train Topo: 0.342465  Val Topo: 0.342949  Train GeoPrior: 0.548393  Val GeoPrior: 0.471481
  [OK] Best model saved (val_prior=0.814430)
Epoch [ 52/100]  Train Opt: 0.584952  Train Prior: 0.890499  Val Prior: 0.809704  Train Topo: 0.342493  Val Topo: 0.343061  Train GeoPrior: 0.548006  Val GeoPrior: 0.466643
  [OK] Best model saved (val_prior=0.809704)
Epoch [ 53/100]  Train Opt: 0.583067  Train Prior: 0.887215  Val Prior: 0.807217  Train Topo: 0.342496  Val Topo: 0.343020  Train GeoPrior: 0.544719  Val GeoPrior: 0.464197
  [OK] Best model saved (val_prior=0.807217)
Epoch [ 54/100]  Train Opt: 0.581189  Train Prior: 0.883636  Val Prior: 0.803751  Train Topo: 0.342394  Val Topo: 0.342900  Train GeoPrior: 0.541242  Val GeoPrior: 0.460852
  [OK] Best model saved (val_prior=0.803751)
Epoch [ 55/100]  Train Opt: 0.579747  Train Prior: 0.880572  Val Prior: 0.803047  Train Topo: 0.342534  Val Topo: 0.342781  Train GeoPrior: 0.538038  Val GeoPrior: 0.460266
  [OK] Best model saved (val_prior=0.803047)
Epoch [ 56/100]  Train Opt: 0.578826  Train Prior: 0.880079  Val Prior: 0.800483  Train Topo: 0.342435  Val Topo: 0.342880  Train GeoPrior: 0.537644  Val GeoPrior: 0.457602
  [OK] Best model saved (val_prior=0.800483)
Epoch [ 57/100]  Train Opt: 0.577078  Train Prior: 0.875880  Val Prior: 0.798442  Train Topo: 0.342388  Val Topo: 0.342834  Train GeoPrior: 0.533492  Val GeoPrior: 0.455608
  [OK] Best model saved (val_prior=0.798442)
Epoch [ 58/100]  Train Opt: 0.577015  Train Prior: 0.877039  Val Prior: 0.797905  Train Topo: 0.342302  Val Topo: 0.342801  Train GeoPrior: 0.534736  Val GeoPrior: 0.455104
  [OK] Best model saved (val_prior=0.797905)
Epoch [ 59/100]  Train Opt: 0.575520  Train Prior: 0.873232  Val Prior: 0.803547  Train Topo: 0.342339  Val Topo: 0.342837  Train GeoPrior: 0.530893  Val GeoPrior: 0.460709
Epoch [ 60/100]  Train Opt: 0.575184  Train Prior: 0.874097  Val Prior: 0.793088  Train Topo: 0.342301  Val Topo: 0.342962  Train GeoPrior: 0.531797  Val GeoPrior: 0.450126
  [OK] Best model saved (val_prior=0.793088)
Epoch [ 61/100]  Train Opt: 0.573841  Train Prior: 0.870860  Val Prior: 0.795096  Train Topo: 0.342407  Val Topo: 0.342815  Train GeoPrior: 0.528454  Val GeoPrior: 0.452281
Epoch [ 62/100]  Train Opt: 0.572283  Train Prior: 0.866571  Val Prior: 0.787436  Train Topo: 0.342341  Val Topo: 0.342827  Train GeoPrior: 0.524231  Val GeoPrior: 0.444609
  [OK] Best model saved (val_prior=0.787436)
Epoch [ 63/100]  Train Opt: 0.571296  Train Prior: 0.864048  Val Prior: 0.785433  Train Topo: 0.342522  Val Topo: 0.342806  Train GeoPrior: 0.521527  Val GeoPrior: 0.442627
  [OK] Best model saved (val_prior=0.785433)
Epoch [ 64/100]  Train Opt: 0.571271  Train Prior: 0.864868  Val Prior: 0.783471  Train Topo: 0.342477  Val Topo: 0.342967  Train GeoPrior: 0.522391  Val GeoPrior: 0.440504
  [OK] Best model saved (val_prior=0.783471)
Epoch [ 65/100]  Train Opt: 0.570076  Train Prior: 0.861501  Val Prior: 0.783836  Train Topo: 0.342288  Val Topo: 0.342802  Train GeoPrior: 0.519213  Val GeoPrior: 0.441035
Epoch [ 66/100]  Train Opt: 0.569798  Train Prior: 0.861969  Val Prior: 0.780250  Train Topo: 0.342262  Val Topo: 0.342805  Train GeoPrior: 0.519707  Val GeoPrior: 0.437445
  [OK] Best model saved (val_prior=0.780250)
Epoch [ 67/100]  Train Opt: 0.568979  Train Prior: 0.859705  Val Prior: 0.781701  Train Topo: 0.342217  Val Topo: 0.342864  Train GeoPrior: 0.517488  Val GeoPrior: 0.438837
Epoch [ 68/100]  Train Opt: 0.567013  Train Prior: 0.854416  Val Prior: 0.779138  Train Topo: 0.342233  Val Topo: 0.342758  Train GeoPrior: 0.512182  Val GeoPrior: 0.436380
  [OK] Best model saved (val_prior=0.779138)
Epoch [ 69/100]  Train Opt: 0.567056  Train Prior: 0.855019  Val Prior: 0.777083  Train Topo: 0.342252  Val Topo: 0.342758  Train GeoPrior: 0.512767  Val GeoPrior: 0.434325
  [OK] Best model saved (val_prior=0.777083)
Epoch [ 70/100]  Train Opt: 0.566951  Train Prior: 0.854779  Val Prior: 0.778959  Train Topo: 0.342263  Val Topo: 0.342828  Train GeoPrior: 0.512516  Val GeoPrior: 0.436131
Epoch [ 71/100]  Train Opt: 0.566182  Train Prior: 0.853058  Val Prior: 0.776389  Train Topo: 0.342303  Val Topo: 0.342810  Train GeoPrior: 0.510755  Val GeoPrior: 0.433580
  [OK] Best model saved (val_prior=0.776389)
Epoch [ 72/100]  Train Opt: 0.565950  Train Prior: 0.852504  Val Prior: 0.776559  Train Topo: 0.342214  Val Topo: 0.342784  Train GeoPrior: 0.510290  Val GeoPrior: 0.433775
Epoch [ 73/100]  Train Opt: 0.565267  Train Prior: 0.850285  Val Prior: 0.773859  Train Topo: 0.342278  Val Topo: 0.342762  Train GeoPrior: 0.508007  Val GeoPrior: 0.431098
  [OK] Best model saved (val_prior=0.773859)
Epoch [ 74/100]  Train Opt: 0.565192  Train Prior: 0.851017  Val Prior: 0.773505  Train Topo: 0.342370  Val Topo: 0.342787  Train GeoPrior: 0.508647  Val GeoPrior: 0.430718
  [OK] Best model saved (val_prior=0.773505)
Epoch [ 75/100]  Train Opt: 0.564738  Train Prior: 0.850112  Val Prior: 0.771611  Train Topo: 0.342159  Val Topo: 0.342797  Train GeoPrior: 0.507953  Val GeoPrior: 0.428814
  [OK] Best model saved (val_prior=0.771611)
Epoch [ 76/100]  Train Opt: 0.563929  Train Prior: 0.847421  Val Prior: 0.770924  Train Topo: 0.342217  Val Topo: 0.342764  Train GeoPrior: 0.505204  Val GeoPrior: 0.428160
  [OK] Best model saved (val_prior=0.770924)
Epoch [ 77/100]  Train Opt: 0.563870  Train Prior: 0.847641  Val Prior: 0.769645  Train Topo: 0.342221  Val Topo: 0.342753  Train GeoPrior: 0.505420  Val GeoPrior: 0.426892
  [OK] Best model saved (val_prior=0.769645)
Epoch [ 78/100]  Train Opt: 0.563493  Train Prior: 0.846454  Val Prior: 0.768124  Train Topo: 0.342292  Val Topo: 0.342740  Train GeoPrior: 0.504162  Val GeoPrior: 0.425384
  [OK] Best model saved (val_prior=0.768124)
Epoch [ 79/100]  Train Opt: 0.562650  Train Prior: 0.844696  Val Prior: 0.767893  Train Topo: 0.342067  Val Topo: 0.342767  Train GeoPrior: 0.502629  Val GeoPrior: 0.425126
  [OK] Best model saved (val_prior=0.767893)
Epoch [ 80/100]  Train Opt: 0.562780  Train Prior: 0.845015  Val Prior: 0.770312  Train Topo: 0.342119  Val Topo: 0.342757  Train GeoPrior: 0.502896  Val GeoPrior: 0.427555
Epoch [ 81/100]  Train Opt: 0.562868  Train Prior: 0.845164  Val Prior: 0.768175  Train Topo: 0.342174  Val Topo: 0.342756  Train GeoPrior: 0.502989  Val GeoPrior: 0.425419
Epoch [ 82/100]  Train Opt: 0.562128  Train Prior: 0.842775  Val Prior: 0.766819  Train Topo: 0.342248  Val Topo: 0.342737  Train GeoPrior: 0.500527  Val GeoPrior: 0.424082
  [OK] Best model saved (val_prior=0.766819)
Epoch [ 83/100]  Train Opt: 0.562199  Train Prior: 0.843718  Val Prior: 0.767023  Train Topo: 0.342194  Val Topo: 0.342761  Train GeoPrior: 0.501523  Val GeoPrior: 0.424262
Epoch [ 84/100]  Train Opt: 0.561980  Train Prior: 0.842492  Val Prior: 0.765291  Train Topo: 0.342345  Val Topo: 0.342755  Train GeoPrior: 0.500147  Val GeoPrior: 0.422536
  [OK] Best model saved (val_prior=0.765291)
Epoch [ 85/100]  Train Opt: 0.561762  Train Prior: 0.842326  Val Prior: 0.766069  Train Topo: 0.342192  Val Topo: 0.342763  Train GeoPrior: 0.500134  Val GeoPrior: 0.423306
Epoch [ 86/100]  Train Opt: 0.561296  Train Prior: 0.841168  Val Prior: 0.764779  Train Topo: 0.342153  Val Topo: 0.342734  Train GeoPrior: 0.499015  Val GeoPrior: 0.422046
  [OK] Best model saved (val_prior=0.764779)
Epoch [ 87/100]  Train Opt: 0.561438  Train Prior: 0.841497  Val Prior: 0.764783  Train Topo: 0.342188  Val Topo: 0.342759  Train GeoPrior: 0.499309  Val GeoPrior: 0.422024
Epoch [ 88/100]  Train Opt: 0.561493  Train Prior: 0.841311  Val Prior: 0.764622  Train Topo: 0.342217  Val Topo: 0.342744  Train GeoPrior: 0.499095  Val GeoPrior: 0.421878
  [OK] Best model saved (val_prior=0.764622)
Epoch [ 89/100]  Train Opt: 0.561058  Train Prior: 0.840048  Val Prior: 0.764341  Train Topo: 0.342245  Val Topo: 0.342758  Train GeoPrior: 0.497803  Val GeoPrior: 0.421583
  [OK] Best model saved (val_prior=0.764341)
Epoch [ 90/100]  Train Opt: 0.561111  Train Prior: 0.841147  Val Prior: 0.763325  Train Topo: 0.342230  Val Topo: 0.342748  Train GeoPrior: 0.498917  Val GeoPrior: 0.420577
  [OK] Best model saved (val_prior=0.763325)
Epoch [ 91/100]  Train Opt: 0.560927  Train Prior: 0.840566  Val Prior: 0.764194  Train Topo: 0.342226  Val Topo: 0.342738  Train GeoPrior: 0.498340  Val GeoPrior: 0.421456
Epoch [ 92/100]  Train Opt: 0.560744  Train Prior: 0.838952  Val Prior: 0.764001  Train Topo: 0.342249  Val Topo: 0.342753  Train GeoPrior: 0.496702  Val GeoPrior: 0.421248
Epoch [ 93/100]  Train Opt: 0.561119  Train Prior: 0.840803  Val Prior: 0.763805  Train Topo: 0.342308  Val Topo: 0.342743  Train GeoPrior: 0.498495  Val GeoPrior: 0.421062
Epoch [ 94/100]  Train Opt: 0.561001  Train Prior: 0.840342  Val Prior: 0.763479  Train Topo: 0.342155  Val Topo: 0.342755  Train GeoPrior: 0.498186  Val GeoPrior: 0.420724
Epoch [ 95/100]  Train Opt: 0.561242  Train Prior: 0.841434  Val Prior: 0.763522  Train Topo: 0.342261  Val Topo: 0.342749  Train GeoPrior: 0.499173  Val GeoPrior: 0.420773
Epoch [ 96/100]  Train Opt: 0.560929  Train Prior: 0.840284  Val Prior: 0.763480  Train Topo: 0.342203  Val Topo: 0.342746  Train GeoPrior: 0.498080  Val GeoPrior: 0.420734
Epoch [ 97/100]  Train Opt: 0.560529  Train Prior: 0.839530  Val Prior: 0.763408  Train Topo: 0.342148  Val Topo: 0.342744  Train GeoPrior: 0.497382  Val GeoPrior: 0.420664
Epoch [ 98/100]  Train Opt: 0.560908  Train Prior: 0.839718  Val Prior: 0.763284  Train Topo: 0.342171  Val Topo: 0.342747  Train GeoPrior: 0.497547  Val GeoPrior: 0.420537
  [OK] Best model saved (val_prior=0.763284)
Epoch [ 99/100]  Train Opt: 0.560539  Train Prior: 0.838654  Val Prior: 0.763366  Train Topo: 0.342348  Val Topo: 0.342746  Train GeoPrior: 0.496307  Val GeoPrior: 0.420621
Epoch [100/100]  Train Opt: 0.559942  Train Prior: 0.837168  Val Prior: 0.763380  Train Topo: 0.342164  Val Topo: 0.342744  Train GeoPrior: 0.495004  Val GeoPrior: 0.420636
[*] Final test metrics: total=0.509870  prior=0.747931  topo=0.339998  geo_prior=0.407932
[OK] Done. Loss curve saved to 'F:\LINKS4Meta\GraphMetaMat-LINKS\artifacts\il_hparam_scan\beta_0p5__prior_0p25\il_loss_curve.png'
[OK] Best weights saved to 'F:\LINKS4Meta\GraphMetaMat-LINKS\artifacts\il_hparam_scan\beta_0p5__prior_0p25\model_inverse_il.pt'
[OK] Report saved to 'F:\LINKS4Meta\GraphMetaMat-LINKS\artifacts\il_hparam_scan\beta_0p5__prior_0p25\il_training_report.json'
